<?xml version="1.0" encoding="UTF-8"?>
<coverage generated="1583798678413" clover="3.2.0">
  <project timestamp="1583798678413" name="All files">
    <metrics statements="29" coveredstatements="29" conditionals="23" coveredconditionals="22" methods="11" coveredmethods="11" elements="63" coveredelements="62" complexity="0" loc="29" ncloc="29" packages="1" files="1" classes="1"/>
    <file name="types.js" path="C:\Users\willi\alchemy\Career-Track-401\TDD-with-Jest\Lab\starter-code\types.js">
      <metrics statements="29" coveredstatements="29" conditionals="23" coveredconditionals="22" methods="11" coveredmethods="11"/>
      <line num="2" count="12" type="stmt"/>
      <line num="3" count="8" type="stmt"/>
      <line num="4" count="5" type="stmt"/>
      <line num="5" count="4" type="stmt"/>
      <line num="6" count="3" type="stmt"/>
      <line num="7" count="3" type="stmt"/>
      <line num="9" count="1" type="stmt"/>
      <line num="10" count="6" type="cond" truecount="2" falsecount="0"/>
      <line num="11" count="5" type="stmt"/>
      <line num="12" count="5" type="cond" truecount="2" falsecount="0"/>
      <line num="13" count="3" type="stmt"/>
      <line num="16" count="1" type="stmt"/>
      <line num="17" count="6" type="cond" truecount="2" falsecount="0"/>
      <line num="18" count="5" type="stmt"/>
      <line num="19" count="5" type="cond" truecount="5" falsecount="0"/>
      <line num="20" count="3" type="stmt"/>
      <line num="23" count="1" type="stmt"/>
      <line num="24" count="3" type="cond" truecount="1" falsecount="1"/>
      <line num="25" count="3" type="cond" truecount="4" falsecount="0"/>
      <line num="26" count="2" type="cond" truecount="4" falsecount="0"/>
      <line num="27" count="1" type="stmt"/>
      <line num="32" count="5" type="stmt"/>
      <line num="33" count="5" type="stmt"/>
      <line num="34" count="5" type="stmt"/>
      <line num="35" count="5" type="stmt"/>
      <line num="39" count="1" type="stmt"/>
      <line num="45" count="1" type="stmt"/>
      <line num="46" count="2" type="cond" truecount="2" falsecount="0"/>
      <line num="49" count="1" type="stmt"/>
    </file>
  </project>
</coverage>
