<?xml version="1.0" encoding="UTF-8"?>
<coverage generated="1583987446274" clover="3.2.0">
  <project timestamp="1583987446274" name="All files">
    <metrics statements="19" coveredstatements="19" conditionals="0" coveredconditionals="0" methods="11" coveredmethods="11" elements="30" coveredelements="30" complexity="0" loc="19" ncloc="19" packages="1" files="1" classes="1"/>
    <file name="file-system.js" path="C:\Users\willi\alchemy\Career-Track-401\TDD-with-Jest\Lab-TDD-With-Jest\starter-code\file-system.js">
      <metrics statements="19" coveredstatements="19" conditionals="0" coveredconditionals="0" methods="11" coveredmethods="11"/>
      <line num="2" count="1" type="stmt"/>
      <line num="4" count="1" type="stmt"/>
      <line num="6" count="1" type="stmt"/>
      <line num="7" count="1" type="stmt"/>
      <line num="10" count="1" type="stmt"/>
      <line num="11" count="2" type="stmt"/>
      <line num="12" count="2" type="stmt"/>
      <line num="15" count="1" type="stmt"/>
      <line num="16" count="4" type="stmt"/>
      <line num="17" count="4" type="stmt"/>
      <line num="20" count="1" type="stmt"/>
      <line num="21" count="1" type="stmt"/>
      <line num="23" count="2" type="stmt"/>
      <line num="27" count="1" type="stmt"/>
      <line num="28" count="1" type="stmt"/>
      <line num="30" count="1" type="stmt"/>
      <line num="31" count="1" type="stmt"/>
      <line num="35" count="1" type="stmt"/>
      <line num="37" count="1" type="stmt"/>
    </file>
  </project>
</coverage>
