{"C:\\Users\\willi\\alchemy\\Career-Track-401\\TDD-with-Jest\\Lab\\starter-code\\types.js": {"path":"C:\\Users\\willi\\alchemy\\Career-Track-401\\TDD-with-Jest\\Lab\\starter-code\\types.js","statementMap":{"0":{"start":{"line":2,"column":17},"end":{"line":2,"column":47}},"1":{"start":{"line":2,"column":24},"end":{"line":2,"column":47}},"2":{"start":{"line":3,"column":17},"end":{"line":3,"column":47}},"3":{"start":{"line":3,"column":24},"end":{"line":3,"column":47}},"4":{"start":{"line":4,"column":18},"end":{"line":4,"column":49}},"5":{"start":{"line":4,"column":25},"end":{"line":4,"column":49}},"6":{"start":{"line":5,"column":16},"end":{"line":5,"column":41}},"7":{"start":{"line":5,"column":23},"end":{"line":5,"column":41}},"8":{"start":{"line":6,"column":17},"end":{"line":6,"column":47}},"9":{"start":{"line":6,"column":24},"end":{"line":6,"column":47}},"10":{"start":{"line":7,"column":19},"end":{"line":7,"column":51}},"11":{"start":{"line":7,"column":26},"end":{"line":7,"column":51}},"12":{"start":{"line":9,"column":21},"end":{"line":14,"column":1}},"13":{"start":{"line":10,"column":2},"end":{"line":10,"column":31}},"14":{"start":{"line":10,"column":20},"end":{"line":10,"column":31}},"15":{"start":{"line":11,"column":17},"end":{"line":11,"column":28}},"16":{"start":{"line":12,"column":2},"end":{"line":12,"column":53}},"17":{"start":{"line":12,"column":20},"end":{"line":12,"column":53}},"18":{"start":{"line":13,"column":2},"end":{"line":13,"column":16}},"19":{"start":{"line":16,"column":21},"end":{"line":21,"column":1}},"20":{"start":{"line":17,"column":2},"end":{"line":17,"column":31}},"21":{"start":{"line":17,"column":20},"end":{"line":17,"column":31}},"22":{"start":{"line":18,"column":17},"end":{"line":18,"column":28}},"23":{"start":{"line":19,"column":2},"end":{"line":19,"column":103}},"24":{"start":{"line":19,"column":70},"end":{"line":19,"column":103}},"25":{"start":{"line":20,"column":2},"end":{"line":20,"column":16}},"26":{"start":{"line":23,"column":22},"end":{"line":28,"column":1}},"27":{"start":{"line":24,"column":2},"end":{"line":24,"column":32}},"28":{"start":{"line":24,"column":21},"end":{"line":24,"column":32}},"29":{"start":{"line":25,"column":2},"end":{"line":25,"column":48}},"30":{"start":{"line":25,"column":35},"end":{"line":25,"column":48}},"31":{"start":{"line":26,"column":2},"end":{"line":26,"column":46}},"32":{"start":{"line":26,"column":34},"end":{"line":26,"column":46}},"33":{"start":{"line":27,"column":2},"end":{"line":27,"column":36}},"34":{"start":{"line":32,"column":17},"end":{"line":32,"column":26}},"35":{"start":{"line":33,"column":4},"end":{"line":33,"column":49}},"36":{"start":{"line":34,"column":4},"end":{"line":34,"column":21}},"37":{"start":{"line":35,"column":4},"end":{"line":35,"column":23}},"38":{"start":{"line":39,"column":16},"end":{"line":43,"column":1}},"39":{"start":{"line":45,"column":18},"end":{"line":47,"column":1}},"40":{"start":{"line":46,"column":2},"end":{"line":46,"column":36}},"41":{"start":{"line":49,"column":0},"end":{"line":61,"column":2}}},"fnMap":{"0":{"name":"(anonymous_0)","decl":{"start":{"line":2,"column":17},"end":{"line":2,"column":18}},"loc":{"start":{"line":2,"column":24},"end":{"line":2,"column":47}},"line":2},"1":{"name":"(anonymous_1)","decl":{"start":{"line":3,"column":17},"end":{"line":3,"column":18}},"loc":{"start":{"line":3,"column":24},"end":{"line":3,"column":47}},"line":3},"2":{"name":"(anonymous_2)","decl":{"start":{"line":4,"column":18},"end":{"line":4,"column":19}},"loc":{"start":{"line":4,"column":25},"end":{"line":4,"column":49}},"line":4},"3":{"name":"(anonymous_3)","decl":{"start":{"line":5,"column":16},"end":{"line":5,"column":17}},"loc":{"start":{"line":5,"column":23},"end":{"line":5,"column":41}},"line":5},"4":{"name":"(anonymous_4)","decl":{"start":{"line":6,"column":17},"end":{"line":6,"column":18}},"loc":{"start":{"line":6,"column":24},"end":{"line":6,"column":47}},"line":6},"5":{"name":"(anonymous_5)","decl":{"start":{"line":7,"column":19},"end":{"line":7,"column":20}},"loc":{"start":{"line":7,"column":26},"end":{"line":7,"column":51}},"line":7},"6":{"name":"(anonymous_6)","decl":{"start":{"line":9,"column":21},"end":{"line":9,"column":22}},"loc":{"start":{"line":9,"column":28},"end":{"line":14,"column":1}},"line":9},"7":{"name":"(anonymous_7)","decl":{"start":{"line":16,"column":21},"end":{"line":16,"column":22}},"loc":{"start":{"line":16,"column":28},"end":{"line":21,"column":1}},"line":16},"8":{"name":"(anonymous_8)","decl":{"start":{"line":23,"column":22},"end":{"line":23,"column":23}},"loc":{"start":{"line":23,"column":29},"end":{"line":28,"column":1}},"line":23},"9":{"name":"(anonymous_9)","decl":{"start":{"line":31,"column":2},"end":{"line":31,"column":3}},"loc":{"start":{"line":31,"column":27},"end":{"line":36,"column":3}},"line":31},"10":{"name":"(anonymous_10)","decl":{"start":{"line":45,"column":18},"end":{"line":45,"column":19}},"loc":{"start":{"line":45,"column":26},"end":{"line":47,"column":1}},"line":45}},"branchMap":{"0":{"loc":{"start":{"line":10,"column":2},"end":{"line":10,"column":31}},"type":"if","locations":[{"start":{"line":10,"column":2},"end":{"line":10,"column":31}},{"start":{"line":10,"column":2},"end":{"line":10,"column":31}}],"line":10},"1":{"loc":{"start":{"line":12,"column":2},"end":{"line":12,"column":53}},"type":"if","locations":[{"start":{"line":12,"column":2},"end":{"line":12,"column":53}},{"start":{"line":12,"column":2},"end":{"line":12,"column":53}}],"line":12},"2":{"loc":{"start":{"line":17,"column":2},"end":{"line":17,"column":31}},"type":"if","locations":[{"start":{"line":17,"column":2},"end":{"line":17,"column":31}},{"start":{"line":17,"column":2},"end":{"line":17,"column":31}}],"line":17},"3":{"loc":{"start":{"line":19,"column":2},"end":{"line":19,"column":103}},"type":"if","locations":[{"start":{"line":19,"column":2},"end":{"line":19,"column":103}},{"start":{"line":19,"column":2},"end":{"line":19,"column":103}}],"line":19},"4":{"loc":{"start":{"line":19,"column":5},"end":{"line":19,"column":68}},"type":"binary-expr","locations":[{"start":{"line":19,"column":5},"end":{"line":19,"column":30}},{"start":{"line":19,"column":34},"end":{"line":19,"column":41}},{"start":{"line":19,"column":45},"end":{"line":19,"column":68}}],"line":19},"5":{"loc":{"start":{"line":24,"column":2},"end":{"line":24,"column":32}},"type":"if","locations":[{"start":{"line":24,"column":2},"end":{"line":24,"column":32}},{"start":{"line":24,"column":2},"end":{"line":24,"column":32}}],"line":24},"6":{"loc":{"start":{"line":25,"column":2},"end":{"line":25,"column":48}},"type":"if","locations":[{"start":{"line":25,"column":2},"end":{"line":25,"column":48}},{"start":{"line":25,"column":2},"end":{"line":25,"column":48}}],"line":25},"7":{"loc":{"start":{"line":25,"column":5},"end":{"line":25,"column":33}},"type":"binary-expr","locations":[{"start":{"line":25,"column":5},"end":{"line":25,"column":20}},{"start":{"line":25,"column":24},"end":{"line":25,"column":33}}],"line":25},"8":{"loc":{"start":{"line":26,"column":2},"end":{"line":26,"column":46}},"type":"if","locations":[{"start":{"line":26,"column":2},"end":{"line":26,"column":46}},{"start":{"line":26,"column":2},"end":{"line":26,"column":46}}],"line":26},"9":{"loc":{"start":{"line":26,"column":5},"end":{"line":26,"column":32}},"type":"binary-expr","locations":[{"start":{"line":26,"column":5},"end":{"line":26,"column":19}},{"start":{"line":26,"column":23},"end":{"line":26,"column":32}}],"line":26},"10":{"loc":{"start":{"line":46,"column":9},"end":{"line":46,"column":35}},"type":"binary-expr","locations":[{"start":{"line":46,"column":9},"end":{"line":46,"column":27}},{"start":{"line":46,"column":31},"end":{"line":46,"column":35}}],"line":46}},"s":{"0":1,"1":12,"2":1,"3":8,"4":1,"5":5,"6":1,"7":4,"8":1,"9":3,"10":1,"11":3,"12":1,"13":6,"14":1,"15":5,"16":5,"17":2,"18":3,"19":1,"20":6,"21":1,"22":5,"23":5,"24":2,"25":3,"26":1,"27":3,"28":0,"29":3,"30":1,"31":2,"32":1,"33":1,"34":5,"35":5,"36":5,"37":5,"38":1,"39":1,"40":2,"41":1},"f":{"0":12,"1":8,"2":5,"3":4,"4":3,"5":3,"6":6,"7":6,"8":3,"9":5,"10":2},"b":{"0":[1,5],"1":[2,3],"2":[1,5],"3":[2,3],"4":[5,4,4],"5":[0,3],"6":[1,2],"7":[3,3],"8":[1,1],"9":[2,2],"10":[2,1]},"_coverageSchema":"43e27e138ebf9cfc5966b082cf9a028302ed4184","hash":"26dfaa355f07a0593c951fd54f02c127881b7be7"}
}
