TN:
SF:C:\Users\willi\alchemy\Career-Track-401\TDD-with-Jest\Lab-TDD-With-Jest\starter-code\file-system.js
FN:6,(anonymous_0)
FN:10,(anonymous_1)
FN:12,(anonymous_2)
FN:15,(anonymous_3)
FN:17,(anonymous_4)
FN:20,(anonymous_5)
FN:22,(anonymous_6)
FN:23,(anonymous_7)
FN:27,(anonymous_8)
FN:29,(anonymous_9)
FN:35,(anonymous_10)
FNF:11
FNH:11
FNDA:1,(anonymous_0)
FNDA:2,(anonymous_1)
FNDA:2,(anonymous_2)
FNDA:4,(anonymous_3)
FNDA:4,(anonymous_4)
FNDA:1,(anonymous_5)
FNDA:1,(anonymous_6)
FNDA:2,(anonymous_7)
FNDA:1,(anonymous_8)
FNDA:1,(anonymous_9)
FNDA:1,(anonymous_10)
DA:2,1
DA:4,1
DA:6,1
DA:7,1
DA:10,1
DA:11,2
DA:12,2
DA:15,1
DA:16,4
DA:17,4
DA:20,1
DA:21,1
DA:23,2
DA:27,1
DA:28,1
DA:30,1
DA:31,1
DA:35,1
DA:37,1
LF:19
LH:19
BRF:0
BRH:0
end_of_record
