TN:
SF:C:\Users\willi\alchemy\Career-Track-401\TDD-with-Jest\Lab\starter-code\types.js
FN:2,(anonymous_0)
FN:3,(anonymous_1)
FN:4,(anonymous_2)
FN:5,(anonymous_3)
FN:6,(anonymous_4)
FN:8,(anonymous_5)
FN:15,(anonymous_6)
FN:22,(anonymous_7)
FN:29,(anonymous_8)
FN:36,(anonymous_9)
FN:46,(anonymous_10)
FN:61,(anonymous_11)
FNF:12
FNH:7
FNDA:12,(anonymous_0)
FNDA:2,(anonymous_1)
FNDA:2,(anonymous_2)
FNDA:8,(anonymous_3)
FNDA:0,(anonymous_4)
FNDA:6,(anonymous_5)
FNDA:0,(anonymous_6)
FNDA:0,(anonymous_7)
FNDA:0,(anonymous_8)
FNDA:0,(anonymous_9)
FNDA:2,(anonymous_10)
FNDA:2,(anonymous_11)
DA:2,12
DA:3,2
DA:4,2
DA:5,8
DA:6,1
DA:8,1
DA:9,6
DA:10,5
DA:11,5
DA:12,3
DA:15,1
DA:16,0
DA:17,0
DA:18,0
DA:19,0
DA:22,1
DA:23,0
DA:24,0
DA:25,0
DA:26,0
DA:29,1
DA:30,0
DA:31,0
DA:32,0
DA:33,0
DA:36,1
DA:37,0
DA:38,0
DA:39,0
DA:40,0
DA:47,2
DA:48,2
DA:49,2
DA:50,2
DA:54,1
DA:61,1
DA:62,2
DA:65,1
LF:38
LH:22
BRDA:9,0,0,1
BRDA:9,0,1,5
BRDA:11,1,0,2
BRDA:11,1,1,3
BRDA:16,2,0,0
BRDA:16,2,1,0
BRDA:18,3,0,0
BRDA:18,3,1,0
BRDA:23,4,0,0
BRDA:23,4,1,0
BRDA:25,5,0,0
BRDA:25,5,1,0
BRDA:30,6,0,0
BRDA:30,6,1,0
BRDA:32,7,0,0
BRDA:32,7,1,0
BRDA:37,8,0,0
BRDA:37,8,1,0
BRDA:39,9,0,0
BRDA:39,9,1,0
BRDA:62,10,0,2
BRDA:62,10,1,1
BRF:22
BRH:6
end_of_record
